2025-11-20 17:26:08	Запуск: Тестовое сообщение в Telegram (D:\SysAdminToolkit\Scripts\Telegram\Test-TGMessage.ps1)
2025-11-20 17:26:09	Готово: Тестовое сообщение в Telegram
РЎР?Р?Р+С%РчР?РёРч Р?С'РїС?Р°Р?Р>РчР?Р? Р? Telegram.

2025-11-20 17:26:55	Запуск: Инвентаризация ПК (D:\SysAdminToolkit\Scripts\Inventory\Get-PC-Inventory.ps1)
2025-11-20 17:26:59	Готово: Инвентаризация ПК
Inventory saved to .\PC_Inventory_DESKTOP-EAGTED8.json

2025-11-20 17:27:10	Запуск: Список установленного ПО (D:\SysAdminToolkit\Scripts\Inventory\Get-InstalledSoftware.ps1)
2025-11-20 17:27:11	Готово: Список установленного ПО
Installed software list saved to .\InstalledSoftware_DESKTOP-EAGTED8.csv

2025-11-20 17:27:17	Запуск: Отправить последний отчёт в Telegram (D:\SysAdminToolkit\Scripts\Telegram\Send-LastInventoryToTG.ps1)
2025-11-20 17:27:18	Готово: Отправить последний отчёт в Telegram
powershell.exe : At D:\SysAdminToolkit\Scripts\Telegram\Send-LastInventoryToTG.ps1:10 char:83
At D:\SysAdminToolkit\SysAdminToolkit.GUI.ps1:163 char:19
+ ...   $output = & powershell.exe -ExecutionPolicy Bypass -File $scriptPat ...
+                 ~~~~~~~~~~~~~~~~~~~~~~~~~~~~~~~~~~~~~~~~~~~~~~~~~~~~~~~~~
    + CategoryInfo          : NotSpecified: (At D:\SysAdminT....ps1:10 char:83:String) [], RemoteException
    + FullyQualifiedErrorId : NativeCommandError
 
+ ... ame -Caption "Р?Р?Р?РчР?С'Р°С?РёР·Р°С+РёС? Р?Р? $($env:COMPUTERNAME)"
+                              ~~~~~~~~~~~~~~~~~~~~~~~~~~~~~~~~~~~~~~~~~~~~
The string is missing the terminator: '.
    + CategoryInfo          : ParserError: (:) [], ParentContainsErrorRecordException
    + FullyQualifiedErrorId : TerminatorExpectedAtEndOfString
 

2025-11-20 19:24:00	Запуск: Инвентаризация ПК (D:\Windows\SysAdminToolkit\Scripts\Inventory\Get-PC-Inventory.ps1)
2025-11-20 19:24:15	Готово: Инвентаризация ПК
Inventory saved to .\PC_Inventory_WORKJULEANNA.json

2025-11-20 19:25:06	Запуск: Список установленного ПО (D:\Windows\SysAdminToolkit\Scripts\Inventory\Get-InstalledSoftware.ps1)
2025-11-20 19:25:08	Готово: Список установленного ПО
Installed software list saved to .\InstalledSoftware_WORKJULEANNA.csv

2025-11-20 19:26:06	Запуск: Проверка производительности (D:\Windows\SysAdminToolkit\Scripts\Monitoring\Check-Performance.ps1)
2025-11-20 19:26:10	Готово: Проверка производительности
=== CPU ===


=== RAM ===
Name                                      LoadPercentage
----                                      --------------
Intel(R) Pentium(R) CPU  N3710  @ 1.60GHz               




TotalGB : 3,84
FreeGB  : 0,77




=== DISKS ===

Name FreeGB UsedGB
---- ------ ------
C      5,49 112,47
D     30,78  26,94



=== TOP PROCESSES (CPU) ===

Name                  Id        CPU        WS
----                  --        ---        --
System                 4  684,15625    139264
msedgewebview2     10236 335,328125 203071488
Memory Compression  2564   250,6875 163135488
chrome              2868  162,53125 119877632
msedgewebview2       836 151,421875  79507456
explorer            6200 100,921875 105996288
dwm                 7940  92,453125  63467520
svchost              700   76,78125  11907072
Code               10156  73,453125 150421504
Code               10932       68,5  50778112



2025-11-20 19:26:23	Запуск: Инвентаризация ПК (D:\Windows\SysAdminToolkit\Scripts\Inventory\Get-PC-Inventory.ps1)
2025-11-20 19:26:32	Готово: Инвентаризация ПК
Inventory saved to .\PC_Inventory_WORKJULEANNA.json

2025-11-20 19:27:28	Запуск: Список локальных админов (D:\Windows\SysAdminToolkit\Scripts\Security\List-LocalAdmins.ps1)
2025-11-20 19:27:32	Готово: Список локальных админов
Administrator
Julea

2025-11-20 19:27:39	Запуск: Тестовое сообщение в Telegram (D:\Windows\SysAdminToolkit\Scripts\Telegram\Test-TGMessage.ps1)
2025-11-20 19:27:41	Готово: Тестовое сообщение в Telegram
РЎР?Р?Р+С%РчР?РёРч Р?С'РїС?Р°Р?Р>РчР?Р? Р? Telegram.

2025-11-20 19:28:15	Запуск: Проверка подозрительных процессов (D:\Windows\SysAdminToolkit\Scripts\Security\Quick-Malware-Check.ps1)
2025-11-20 19:28:18	Готово: Проверка подозрительных процессов

Name                  Id       CPU       WS
----                  --       ---       --
csrss                576    3,9375  2035712
csrss               7960   9,90625  3203072
Idle                   0               8192
LsaIso               912     0,375    61440
Memory Compression  2564   251,875 36118528
Registry             112  2,703125 49876992
Secure System         56         0 13656064
services             900 26,234375  6086656
smss                 356    0,8125        0
svchost            10620  0,453125  9048064
svchost            13276     0,125  8208384
System                 4 693,03125   139264
wininit              708   0,40625   163840



2025-11-20 20:36:27	Старт: Сбор логов (D:\Windows\SysAdminToolkit\Scripts\Utils\Collect-Logs.ps1)
2025-11-20 20:36:30	Ошибка: The term 'param' is not recognized as the name of a cmdlet, function, script file, or operable program. Check the spelling of the name, or if a path was included, verify that the path is correct and try again.
2025-11-20 20:36:57	Старт: Локальные администраторы (D:\Windows\SysAdminToolkit\Scripts\Security\List-LocalAdmins.ps1)
2025-11-20 20:37:01	Успешно: Локальные администраторы
2025-11-20 20:48:31	?????: ???????? ????????? (D:\Windows\SysAdminToolkit\Scripts\Telegram\Test-TGMessage.ps1)
2025-11-20 20:48:34	??????: At D:\Windows\SysAdminToolkit\Scripts\Telegram\Send-TGMessage.ps1:41 char:100
+ ... ѕСЃСЊ РѕС‚РїСЂР°РІРёС‚СЊ СЃРѕРѕР±С‰РµРЅРёРµ: $($_.Exception.Message)"
+                                                                         ~
The string is missing the terminator: ".

At D:\Windows\SysAdminToolkit\Scripts\Telegram\Send-TGMessage.ps1:9 char:35
+ if (-not (Test-Path $configPath)) {
+                                   ~
Missing closing '}' in statement block or type definition.
2025-11-20 20:48:50	?????: ????????? ?????????????? ? Telegram (D:\Windows\SysAdminToolkit\Scripts\Telegram\Send-LastInventoryToTG.ps1)
2025-11-20 20:48:52	??????: At D:\Windows\SysAdminToolkit\Scripts\Telegram\Send-LastInventoryToTG.ps1:16 char:83
+ ... lName -Caption "РРЅРІРµРЅС‚Р°СЂРёР·Р°С†РёСЏ СЃ $($env:COMPUTERNAME)"
+                                ~~~~~~~~~~~~~~~~~~~~~~~~~~~~~~~~~~~~~~~~~~
The string is missing the terminator: '.

At D:\Windows\SysAdminToolkit\Scripts\Telegram\Send-LastInventoryToTG.ps1:9 char:41
+ if (-not $files -or $files.Count -eq 0) {
+                                         ~
Missing closing '}' in statement block or type definition.
2025-11-20 20:56:02	Старт: Инвентаризация ПК (D:\Windows\SysAdminToolkit\Scripts\Inventory\Get-PC-Inventory.ps1)
2025-11-20 20:56:05	Ошибка: The term 'param' is not recognized as the name of a cmdlet, function, script file, or operable program. Check the spelling of the name, or if a path was included, verify that the path is correct and try again.
2025-11-20 20:56:49	Старт: Проверка сети (D:\Windows\SysAdminToolkit\Scripts\Network\Test-Network.ps1)
2025-11-20 20:57:26	Успешно: Проверка сети
2025-11-20 20:57:56	Старт: Локальные администраторы (D:\Windows\SysAdminToolkit\Scripts\Security\List-LocalAdmins.ps1)
2025-11-20 20:58:02	Успешно: Локальные администраторы
2025-11-20 21:00:46	Старт: Тестовое сообщение (D:\Windows\SysAdminToolkit\Scripts\Telegram\Test-TGMessage.ps1)
2025-11-20 21:00:51	Успешно: Тестовое сообщение
2025-11-20 21:02:31	Старт: Тестовое сообщение (D:\Windows\SysAdminToolkit\Scripts\Telegram\Test-TGMessage.ps1)
2025-11-20 21:02:35	Успешно: Тестовое сообщение
2025-11-20 21:04:13	Старт: Тестовое сообщение (D:\Windows\SysAdminToolkit\Scripts\Telegram\Test-TGMessage.ps1)
2025-11-20 21:04:16	Успешно: Тестовое сообщение
2025-11-20 21:05:04	Старт: Тестовое сообщение (D:\Windows\SysAdminToolkit\Scripts\Telegram\Test-TGMessage.ps1)
2025-11-20 21:05:07	Успешно: Тестовое сообщение
2025-11-20 21:07:49	Старт: Тестовое сообщение (D:\Windows\SysAdminToolkit\Scripts\Telegram\Test-TGMessage.ps1)
2025-11-20 21:07:55	Успешно: Тестовое сообщение
2025-11-20 21:09:32	Старт: Локальные администраторы (D:\Windows\SysAdminToolkit\Scripts\Security\List-LocalAdmins.ps1)
2025-11-20 21:09:44	Успешно: Локальные администраторы
2025-11-20 21:09:53	Старт: Быстрая проверка на малварь (D:\Windows\SysAdminToolkit\Scripts\Security\Quick-Malware-Check.ps1)
2025-11-20 21:09:56	Успешно: Быстрая проверка на малварь
2025-11-20 21:10:54	Старт: Тестовое сообщение (D:\Windows\SysAdminToolkit\Scripts\Telegram\Test-TGMessage.ps1)
2025-11-20 21:10:58	Успешно: Тестовое сообщение
2025-11-20 21:12:52	Старт: Локальные администраторы (D:\Windows\SysAdminToolkit\Scripts\Security\List-LocalAdmins.ps1)
2025-11-20 21:12:57	Успешно: Локальные администраторы
2025-11-20 21:13:02	Старт: Быстрая проверка на малварь (D:\Windows\SysAdminToolkit\Scripts\Security\Quick-Malware-Check.ps1)
2025-11-20 21:13:05	Успешно: Быстрая проверка на малварь
2025-11-20 21:13:49	Старт: Инвентаризация ПК (D:\Windows\SysAdminToolkit\Scripts\Inventory\Get-PC-Inventory.ps1)
2025-11-20 21:14:29	Успешно: Инвентаризация ПК
2025-11-20 21:14:40	Старт: Проверка производительности (D:\Windows\SysAdminToolkit\Scripts\Monitoring\Check-Performance.ps1)
2025-11-20 21:14:46	Успешно: Проверка производительности
2025-11-20 21:14:56	Старт: Экспорт событий (D:\Windows\SysAdminToolkit\Scripts\Monitoring\Export-EventLogs.ps1)
2025-11-20 21:14:59	Успешно: Экспорт событий
2025-11-20 21:15:29	Старт: Очистить временные файлы (D:\Windows\SysAdminToolkit\Scripts\Utils\Clean-Temp.ps1)
2025-11-20 21:15:32	Успешно: Очистить временные файлы
2025-11-20 21:15:39	Старт: Сбор логов (D:\Windows\SysAdminToolkit\Scripts\Utils\Collect-Logs.ps1)
2025-11-20 21:15:45	Успешно: Сбор логов
2025-11-20 21:15:52	Старт: Окно с сообщением (D:\Windows\SysAdminToolkit\Scripts\RemoteHelp\Popup-Message.ps1)
2025-11-20 21:15:58	Успешно: Окно с сообщением
2025-11-20 21:22:25	Старт: Проверка сети (D:\Windows\SysAdminToolkit\Scripts\Network\Test-Network.ps1)
2025-11-20 21:23:12	Успешно: Проверка сети
2025-11-20 21:23:27	Старт: Сканирование LAN (D:\Windows\SysAdminToolkit\Scripts\Network\Scan-LAN.ps1)
2025-11-20 21:23:35	Успешно: Сканирование LAN
2025-11-20 21:47:49	Start: Test message (D:\Windows\SysAdminToolkit\Scripts\Telegram\Test-TGMessage.ps1)
2025-11-20 21:47:53	Success: Test message
2025-11-20 21:50:06	Start: Clean temp files (D:\Windows\SysAdminToolkit\Scripts\Utils\Clean-Temp.ps1)
2025-11-20 21:50:09	Success: Clean temp files
2025-11-20 21:50:13	Start: Collect logs (D:\Windows\SysAdminToolkit\Scripts\Utils\Collect-Logs.ps1)
2025-11-20 21:50:16	Success: Collect logs
2025-11-20 21:50:26	Start: Backup folder (D:\Windows\SysAdminToolkit\Scripts\Backup\Backup-Folder.ps1)
2025-11-20 21:50:30	Success: Backup folder
2025-11-20 21:50:43	Start: Quick malware check (D:\Windows\SysAdminToolkit\Scripts\Security\Quick-Malware-Check.ps1)
2025-11-20 21:50:49	Success: Quick malware check
2025-11-20 21:51:27	Start: PC Inventory (D:\Windows\SysAdminToolkit\Scripts\Inventory\Get-PC-Inventory.ps1)
2025-11-20 21:51:55	Success: PC Inventory
2025-11-20 21:56:25	Старт: Тестовое сообщение (D:\Windows\SysAdminToolkit\Scripts\Telegram\Test-TGMessage.ps1)
2025-11-20 21:56:29	Успешно: Тестовое сообщение
2025-11-20 21:56:33	Старт: Локальные администраторы (D:\Windows\SysAdminToolkit\Scripts\Security\List-LocalAdmins.ps1)
2025-11-20 21:56:41	Успешно: Локальные администраторы
2025-11-20 21:56:43	Старт: Быстрая проверка на малварь (D:\Windows\SysAdminToolkit\Scripts\Security\Quick-Malware-Check.ps1)
2025-11-20 21:56:50	Успешно: Быстрая проверка на малварь
2025-11-20 22:01:05	Старт: Быстрая проверка на малварь (D:\Windows\SysAdminToolkit\Scripts\Security\Quick-Malware-Check.ps1)
2025-11-20 22:01:10	Успешно: Быстрая проверка на малварь
2025-11-20 22:01:37	Старт: Резервная копия папки (D:\Windows\SysAdminToolkit\Scripts\Backup\Backup-Folder.ps1)
2025-11-20 22:01:41	Успешно: Резервная копия папки
2025-11-20 22:02:17	Старт: Резервная копия папки (D:\Windows\SysAdminToolkit\Scripts\Backup\Backup-Folder.ps1)
2025-11-20 22:02:20	Успешно: Резервная копия папки
2025-11-20 22:03:38	Старт: Бэкап профилей пользователей (D:\Windows\SysAdminToolkit\Scripts\Backup\Backup-UserProfiles.ps1)
2025-11-20 22:03:43	Успешно: Бэкап профилей пользователей
2025-11-20 22:03:57	Старт: Проверка Windows (SFC + DISM) (D:\Windows\SysAdminToolkit\Scripts\Recovery\Repair-Windows.ps1)
2025-11-20 22:20:05	Старт: Проверка Windows (SFC + DISM) (D:\Windows\SysAdminToolkit\Scripts\Recovery\Repair-Windows.ps1)
2025-11-20 22:20:06	Ошибка: At D:\Windows\SysAdminToolkit\Scripts\Recovery\Repair-Windows.ps1:31 char:41
+ ... Р—Р°РїСѓСЃРєР°СЋ РІРѕСЃСЃС‚Р°РЅРѕРІР»РµРЅРёРµ РѕР±СЂР°Р·Р° (DISM)..."
+                               ~~~~~~~~~~~~~~~~~~~~~~~~~~~~~~~~~~~~~~~~~~~
The string is missing the terminator: '.
2025-11-20 22:22:43	Старт: Проверка Windows (SFC + DISM) (D:\Windows\SysAdminToolkit\Scripts\Recovery\Repair-Windows.ps1)
2025-11-20 22:23:58	Старт: Проверка Windows (SFC + DISM) (D:\Windows\SysAdminToolkit\Scripts\Recovery\Repair-Windows.ps1)
2025-11-20 22:27:20	Старт: Проверка Windows (SFC + DISM) (D:\Windows\SysAdminToolkit\Scripts\Recovery\Repair-Windows.ps1)
2025-11-20 22:27:21	Ошибка: At D:\Windows\SysAdminToolkit\Scripts\Recovery\Repair-Windows.ps1:17 char:21
+         Write-Host "$Activity: $percent%"
+                     ~~~~~~~~~~
Variable reference is not valid. ':' was not followed by a valid variable name character. Consider using ${} to delimit the name.

At D:\Windows\SysAdminToolkit\Scripts\Recovery\Repair-Windows.ps1:21 char:17
+     Write-Host "$Activity: 100%"
+                 ~~~~~~~~~~
Variable reference is not valid. ':' was not followed by a valid variable name character. Consider using ${} to delimit the name.
2025-11-20 22:31:18	Старт: Проверка Windows (SFC + DISM) (D:\Windows\SysAdminToolkit\Scripts\Recovery\Repair-Windows.ps1)
2025-11-20 22:56:17	Успешно: Проверка Windows (SFC + DISM)
2025-11-20 23:06:12	Старт: Последняя инвентаризация в Telegram (D:\Windows\SysAdminToolkit\Scripts\Telegram\Send-LastInventoryToTG.ps1)
2025-11-20 23:06:15	Ошибка: At D:\Windows\SysAdminToolkit\Scripts\Telegram\Send-LastInventoryToTG.ps1:16 char:83
+ ... lName -Caption "РРЅРІРµРЅС‚Р°СЂРёР·Р°С†РёСЏ СЃ $($env:COMPUTERNAME)"
+                                ~~~~~~~~~~~~~~~~~~~~~~~~~~~~~~~~~~~~~~~~~~
The string is missing the terminator: '.

At D:\Windows\SysAdminToolkit\Scripts\Telegram\Send-LastInventoryToTG.ps1:9 char:41
+ if (-not $files -or $files.Count -eq 0) {
+                                         ~
Missing closing '}' in statement block or type definition.
2025-11-20 23:06:22	Старт: Инвентаризация ПК (D:\Windows\SysAdminToolkit\Scripts\Inventory\Get-PC-Inventory.ps1)
2025-11-20 23:06:26	Ошибка: The term 'param' is not recognized as the name of a cmdlet, function, script file, or operable program. Check the spelling of the name, or if a path was included, verify that the path is correct and try again.
2025-11-20 23:06:33	Старт: Список установленного ПО (D:\Windows\SysAdminToolkit\Scripts\Inventory\Get-InstalledSoftware.ps1)
2025-11-20 23:06:36	Ошибка: The term 'param' is not recognized as the name of a cmdlet, function, script file, or operable program. Check the spelling of the name, or if a path was included, verify that the path is correct and try again.
2025-11-20 23:06:43	Старт: Перезагрузка списка ПК (D:\Windows\SysAdminToolkit\Scripts\Mass\Restart-Computers.ps1)
2025-11-20 23:06:45	Успешно: Перезагрузка списка ПК
2025-11-20 23:06:54	Старт: Проверка производительности (D:\Windows\SysAdminToolkit\Scripts\Monitoring\Check-Performance.ps1)
2025-11-20 23:07:02	Успешно: Проверка производительности
2025-11-20 23:07:08	Старт: Экспорт событий (D:\Windows\SysAdminToolkit\Scripts\Monitoring\Export-EventLogs.ps1)
2025-11-20 23:07:10	Ошибка: At D:\Windows\SysAdminToolkit\Scripts\Monitoring\Export-EventLogs.ps1:4 char:24
+     [string]$LogName = 'System',
+                        ~~~~~~~~
The assignment expression is not valid. The input to an assignment operator must be an object that is able to accept assignments, such as a variable or a property.
2025-11-20 23:07:26	Старт: Быстрая проверка на малварь (D:\Windows\SysAdminToolkit\Scripts\Security\Quick-Malware-Check.ps1)
2025-11-20 23:07:31	Успешно: Быстрая проверка на малварь
2025-11-20 23:43:07	Старт: Проверка Windows (SFC + DISM) (D:\Windows\SysAdminToolkit\Scripts\Recovery\Repair-Windows.ps1)
2025-11-20 23:52:27	Старт: Проверка Windows (SFC + DISM) (D:\Windows\SysAdminToolkit\Scripts\Recovery\Repair-Windows.ps1)
2025-11-20 23:57:34	Старт: Проверка Windows (SFC + DISM) (D:\Windows\SysAdminToolkit\Scripts\Recovery\Repair-Windows.ps1)
2025-11-21 00:03:36	?????: ???????? Windows (SFC + DISM) (D:\Windows\SysAdminToolkit\Scripts\Recovery\Repair-Windows.ps1)
2025-11-21 08:34:08	Старт: Тестовое сообщение (D:\SysAdminToolkit\Scripts\Telegram\Test-TGMessage.ps1)
2025-11-21 08:34:10	Успешно: Тестовое сообщение
2025-11-21 08:34:35	Старт: Локальные администраторы (D:\SysAdminToolkit\Scripts\Security\List-LocalAdmins.ps1)
2025-11-21 08:34:40	Успешно: Локальные администраторы
2025-11-21 08:34:50	Старт: Быстрая проверка на малварь (D:\SysAdminToolkit\Scripts\Security\Quick-Malware-Check.ps1)
2025-11-21 08:34:53	Успешно: Быстрая проверка на малварь
2025-11-21 09:43:07	Старт: Очистить временные файлы (D:\SysAdminToolkit\Scripts\Utils\Clean-Temp.ps1)
2025-11-21 09:43:09	Успешно: Очистить временные файлы
2025-11-21 09:43:22	Старт: Сбор логов (D:\SysAdminToolkit\Scripts\Utils\Collect-Logs.ps1)
2025-11-21 09:43:22	Ошибка: The term 'param' is not recognized as the name of a cmdlet, function, script file, or operable program. Check the spelling of the name, or if a path was included, verify that the path is correct and try again.
2025-11-21 09:43:32	Старт: Проверка сети (D:\SysAdminToolkit\Scripts\Network\Test-Network.ps1)
2025-11-21 09:43:35	Успешно: Проверка сети
2025-11-21 09:43:47	Старт: Инвентаризация ПК (D:\SysAdminToolkit\Scripts\Inventory\Get-PC-Inventory.ps1)
2025-11-21 09:43:47	Ошибка: The term 'param' is not recognized as the name of a cmdlet, function, script file, or operable program. Check the spelling of the name, or if a path was included, verify that the path is correct and try again.
2025-11-21 09:43:53	Старт: Список установленного ПО (D:\SysAdminToolkit\Scripts\Inventory\Get-InstalledSoftware.ps1)
2025-11-21 09:43:54	Ошибка: The term 'param' is not recognized as the name of a cmdlet, function, script file, or operable program. Check the spelling of the name, or if a path was included, verify that the path is correct and try again.
2025-11-21 09:44:11	Старт: Проверка производительности (D:\SysAdminToolkit\Scripts\Monitoring\Check-Performance.ps1)
2025-11-21 09:44:14	Успешно: Проверка производительности
2025-11-21 09:44:25	Старт: Экспорт событий (D:\SysAdminToolkit\Scripts\Monitoring\Export-EventLogs.ps1)
2025-11-21 09:44:26	Ошибка: At D:\SysAdminToolkit\Scripts\Monitoring\Export-EventLogs.ps1:4 char:24
+     [string]$LogName = 'System',
+                        ~~~~~~~~
The assignment expression is not valid. The input to an assignment operator must be an object that is able to accept assignments, such as a variable or a property.
2025-11-21 09:44:32	Старт: Последняя инвентаризация в Telegram (D:\SysAdminToolkit\Scripts\Telegram\Send-LastInventoryToTG.ps1)
2025-11-21 09:44:33	Ошибка: At D:\SysAdminToolkit\Scripts\Telegram\Send-LastInventoryToTG.ps1:16 char:83
+ ... lName -Caption "РРЅРІРµРЅС‚Р°СЂРёР·Р°С†РёСЏ СЃ $($env:COMPUTERNAME)"
+                                ~~~~~~~~~~~~~~~~~~~~~~~~~~~~~~~~~~~~~~~~~~
The string is missing the terminator: '.

At D:\SysAdminToolkit\Scripts\Telegram\Send-LastInventoryToTG.ps1:9 char:41
+ if (-not $files -or $files.Count -eq 0) {
+                                         ~
Missing closing '}' in statement block or type definition.
2025-11-21 09:45:22	Старт: Локальные администраторы (D:\SysAdminToolkit\Scripts\Security\List-LocalAdmins.ps1)
2025-11-21 09:45:27	Успешно: Локальные администраторы
2025-11-21 10:32:31	Старт: Локальные администраторы (D:\SysAdminToolkit\Scripts\Security\List-LocalAdmins.ps1)
2025-11-21 10:32:36	Успешно: Локальные администраторы
2025-11-21 10:32:45	Старт: Быстрая проверка на малварь (D:\SysAdminToolkit\Scripts\Security\Quick-Malware-Check.ps1)
2025-11-21 10:32:48	Успешно: Быстрая проверка на малварь
2025-11-21 10:33:05	Старт: Очистить временные файлы (D:\SysAdminToolkit\Scripts\Utils\Clean-Temp.ps1)
2025-11-21 10:33:05	Успешно: Очистить временные файлы
2025-11-21 10:33:14	Старт: Вкл/выкл USB-накопители (D:\SysAdminToolkit\Scripts\Security\Toggle-USBStorage.ps1)
2025-11-21 10:33:15	Успешно: Вкл/выкл USB-накопители
2025-11-21 10:34:50	Старт: Вкл/выкл USB-накопители (D:\SysAdminToolkit\Scripts\Security\Toggle-USBStorage.ps1)
2025-11-21 10:34:50	Успешно: Вкл/выкл USB-накопители
2025-11-21 10:35:15	Старт: Вкл/выкл USB-накопители (D:\SysAdminToolkit\Scripts\Security\Toggle-USBStorage.ps1)
2025-11-21 10:35:15	Успешно: Вкл/выкл USB-накопители
2025-11-21 10:36:33	Старт: Быстрая проверка на малварь (D:\SysAdminToolkit\Scripts\Security\Quick-Malware-Check.ps1)
2025-11-21 10:36:35	Успешно: Быстрая проверка на малварь
2025-11-21 10:37:03	Старт: Вкл/выкл USB-накопители (D:\SysAdminToolkit\Scripts\Security\Toggle-USBStorage.ps1)
2025-11-21 10:37:04	Успешно: Вкл/выкл USB-накопители
2025-11-21 10:37:21	Старт: Вкл/выкл USB-накопители (D:\SysAdminToolkit\Scripts\Security\Toggle-USBStorage.ps1)
2025-11-21 10:37:22	Успешно: Вкл/выкл USB-накопители
2025-11-21 10:37:30	Старт: Вкл/выкл USB-накопители (D:\SysAdminToolkit\Scripts\Security\Toggle-USBStorage.ps1)
2025-11-21 10:37:31	Успешно: Вкл/выкл USB-накопители
2025-11-21 10:39:39	Старт: Проверка сети (D:\SysAdminToolkit\Scripts\Network\Test-Network.ps1)
2025-11-21 10:39:49	Успешно: Проверка сети
2025-11-21 10:40:39	Старт: Инвентаризация ПК (D:\SysAdminToolkit\Scripts\Inventory\Get-PC-Inventory.ps1)
2025-11-21 10:40:40	Ошибка: The term 'param' is not recognized as the name of a cmdlet, function, script file, or operable program. Check the spelling of the name, or if a path was included, verify that the path is correct and try again.
2025-11-21 10:48:56	Старт: Статус брандмауэра (вкл/выкл) (D:\SysAdminToolkit\Scripts\Security\Firewall-Profile.ps1)
2025-11-21 10:48:56	Ошибка: At D:\SysAdminToolkit\Scripts\Security\Firewall-Profile.ps1:2 char:20
+     [ValidateSet(''Status'',''Enable'',''Disable'')]
+                    ~
Missing closing ')' in expression.

At D:\SysAdminToolkit\Scripts\Security\Firewall-Profile.ps1:2 char:20
+     [ValidateSet(''Status'',''Enable'',''Disable'')]
+                    ~
Parameter declarations are a comma-separated list of variable names with optional initializer expressions.

At D:\SysAdminToolkit\Scripts\Security\Firewall-Profile.ps1:2 char:20
+     [ValidateSet(''Status'',''Enable'',''Disable'')]
+                    ~
Missing ')' in function parameter list.

At D:\SysAdminToolkit\Scripts\Security\Firewall-Profile.ps1:3 char:23
+     [string]$Mode = ''Status'',
+                       ~~~~~~~~
Unexpected token 'Status''' in expression or statement.

At D:\SysAdminToolkit\Scripts\Security\Firewall-Profile.ps1:3 char:31
+     [string]$Mode = ''Status'',
+                               ~
Missing argument in parameter list.

At D:\SysAdminToolkit\Scripts\Security\Firewall-Profile.ps1:4 char:20
+     [ValidateSet(''Domain'',''Private'',''Public'',''All'')]
+                    ~~~~~~~~
Unexpected token 'Domain''' in expression or statement.

At D:\SysAdminToolkit\Scripts\Security\Firewall-Profile.ps1:4 char:20
+     [ValidateSet(''Domain'',''Private'',''Public'',''All'')]
+                    ~
Missing closing ')' in expression.

At D:\SysAdminToolkit\Scripts\Security\Firewall-Profile.ps1:4 char:59
+     [ValidateSet(''Domain'',''Private'',''Public'',''All'')]
+                                                           ~
Unexpected token ')' in expression or statement.

At D:\SysAdminToolkit\Scripts\Security\Firewall-Profile.ps1:5 char:26
+     [string]$Profile = ''All''
+                          ~~~~~
Unexpected token 'All''' in expression or statement.

At D:\SysAdminToolkit\Scripts\Security\Firewall-Profile.ps1:6 char:1
+ )
+ ~
Unexpected token ')' in expression or statement.
2025-11-21 10:49:49	Старт: Политика паролей (отчёт) (D:\SysAdminToolkit\Scripts\Security\PasswordPolicy-Report.ps1)
2025-11-21 10:49:50	Ошибка: Missing an argument for parameter 'RedirectStandardOutput'. Specify a parameter of type 'System.String' and try again.
2025-11-21 10:49:54	Старт: Быстрая проверка Defender (D:\SysAdminToolkit\Scripts\Security\Defender-QuickScan.ps1)
2025-11-21 10:50:31	Старт: Вкл/выкл USB-накопители (D:\SysAdminToolkit\Scripts\Security\Toggle-USBStorage.ps1)
2025-11-21 10:50:31	Успешно: Вкл/выкл USB-накопители
2025-11-21 10:50:33	Старт: Вкл/выкл USB-накопители (D:\SysAdminToolkit\Scripts\Security\Toggle-USBStorage.ps1)
2025-11-21 10:50:34	Успешно: Вкл/выкл USB-накопители
2025-11-21 10:50:42	Старт: Статус брандмауэра (вкл/выкл) (D:\SysAdminToolkit\Scripts\Security\Firewall-Profile.ps1)
2025-11-21 10:50:43	Успешно: Статус брандмауэра (вкл/выкл)
2025-11-21 10:50:49	Старт: Статус брандмауэра (вкл/выкл) (D:\SysAdminToolkit\Scripts\Security\Firewall-Profile.ps1)
2025-11-21 10:50:50	Успешно: Статус брандмауэра (вкл/выкл)
2025-11-21 10:51:01	Старт: Статус брандмауэра (вкл/выкл) (D:\SysAdminToolkit\Scripts\Security\Firewall-Profile.ps1)
2025-11-21 10:51:02	Успешно: Статус брандмауэра (вкл/выкл)
2025-11-21 10:52:04	Старт: RDP + NLA (вкл/выкл) (D:\SysAdminToolkit\Scripts\Security\Toggle-RDP.ps1)
2025-11-21 10:52:06	Успешно: RDP + NLA (вкл/выкл)
2025-11-21 10:52:18	Старт: Политика паролей (отчёт) (D:\SysAdminToolkit\Scripts\Security\PasswordPolicy-Report.ps1)
2025-11-21 10:52:18	Ошибка: Missing an argument for parameter 'RedirectStandardOutput'. Specify a parameter of type 'System.String' and try again.
2025-11-21 10:52:26	Старт: BitLocker статус (D:\SysAdminToolkit\Scripts\Security\BitLocker-Status.ps1)
2025-11-21 10:52:27	Успешно: BitLocker статус
2025-11-21 10:52:46	Старт: Статус брандмауэра (вкл/выкл) (D:\SysAdminToolkit\Scripts\Security\Firewall-Profile.ps1)
2025-11-21 10:52:47	Ошибка: At D:\SysAdminToolkit\Scripts\Security\Firewall-Profile.ps1:2 char:20
+     [ValidateSet(''Status'',''Enable'',''Disable'')]
+                    ~
Missing closing ')' in expression.

At D:\SysAdminToolkit\Scripts\Security\Firewall-Profile.ps1:2 char:20
+     [ValidateSet(''Status'',''Enable'',''Disable'')]
+                    ~
Parameter declarations are a comma-separated list of variable names with optional initializer expressions.

At D:\SysAdminToolkit\Scripts\Security\Firewall-Profile.ps1:2 char:20
+     [ValidateSet(''Status'',''Enable'',''Disable'')]
+                    ~
Missing ')' in function parameter list.

At D:\SysAdminToolkit\Scripts\Security\Firewall-Profile.ps1:3 char:23
+     [string]$Mode = ''Status'',
+                       ~~~~~~~~
Unexpected token 'Status''' in expression or statement.

At D:\SysAdminToolkit\Scripts\Security\Firewall-Profile.ps1:3 char:31
+     [string]$Mode = ''Status'',
+                               ~
Missing argument in parameter list.

At D:\SysAdminToolkit\Scripts\Security\Firewall-Profile.ps1:4 char:20
+     [ValidateSet(''Domain'',''Private'',''Public'',''All'')]
+                    ~~~~~~~~
Unexpected token 'Domain''' in expression or statement.

At D:\SysAdminToolkit\Scripts\Security\Firewall-Profile.ps1:4 char:20
+     [ValidateSet(''Domain'',''Private'',''Public'',''All'')]
+                    ~
Missing closing ')' in expression.

At D:\SysAdminToolkit\Scripts\Security\Firewall-Profile.ps1:4 char:59
+     [ValidateSet(''Domain'',''Private'',''Public'',''All'')]
+                                                           ~
Unexpected token ')' in expression or statement.

At D:\SysAdminToolkit\Scripts\Security\Firewall-Profile.ps1:5 char:26
+     [string]$Profile = ''All''
+                          ~~~~~
Unexpected token 'All''' in expression or statement.

At D:\SysAdminToolkit\Scripts\Security\Firewall-Profile.ps1:6 char:1
+ )
+ ~
Unexpected token ')' in expression or statement.

Not all parse errors were reported.  Correct the reported errors and try again.
2025-11-21 10:53:40	Старт: Политика паролей (отчёт) (D:\SysAdminToolkit\Scripts\Security\PasswordPolicy-Report.ps1)
2025-11-21 10:53:41	Ошибка: Missing an argument for parameter 'RedirectStandardOutput'. Specify a parameter of type 'System.String' and try again.
2025-11-21 10:53:45	Старт: Быстрая проверка Defender (D:\SysAdminToolkit\Scripts\Security\Defender-QuickScan.ps1)
2025-11-21 10:54:23	Успешно: Быстрая проверка Defender
2025-11-21 10:56:16	Старт: Быстрая проверка на малварь (D:\SysAdminToolkit\Scripts\Security\Quick-Malware-Check.ps1)
2025-11-21 10:56:18	Успешно: Быстрая проверка на малварь
2025-11-21 10:59:30	Старт: Статус брандмауэра (вкл/выкл) (D:\SysAdminToolkit\Scripts\Security\Firewall-Profile.ps1)
2025-11-21 10:59:31	Успешно: Статус брандмауэра (вкл/выкл)
2025-11-21 11:02:03	Старт: Статус брандмауэра (вкл/выкл) (D:\SysAdminToolkit\Scripts\Security\Firewall-Profile.ps1)
2025-11-21 11:02:04	Успешно: Статус брандмауэра (вкл/выкл)
2025-11-21 11:02:09	Старт: Статус брандмауэра (вкл/выкл) (D:\SysAdminToolkit\Scripts\Security\Firewall-Profile.ps1)
2025-11-21 11:02:10	Успешно: Статус брандмауэра (вкл/выкл)
2025-11-21 11:02:18	Старт: RDP + NLA (вкл/выкл) (D:\SysAdminToolkit\Scripts\Security\Toggle-RDP.ps1)
2025-11-21 11:02:19	Успешно: RDP + NLA (вкл/выкл)
2025-11-21 11:03:46	Старт: Политика паролей (отчёт) (D:\SysAdminToolkit\Scripts\Security\PasswordPolicy-Report.ps1)
2025-11-21 11:03:46	Ошибка: Missing an argument for parameter 'RedirectStandardOutput'. Specify a parameter of type 'System.String' and try again.
2025-11-21 11:03:52	Старт: BitLocker статус (D:\SysAdminToolkit\Scripts\Security\BitLocker-Status.ps1)
2025-11-21 11:03:53	Успешно: BitLocker статус
2025-11-21 11:04:12	Старт: RDP + NLA (вкл/выкл) (D:\SysAdminToolkit\Scripts\Security\Toggle-RDP.ps1)
2025-11-21 11:04:13	Успешно: RDP + NLA (вкл/выкл)
2025-11-21 11:04:16	Старт: RDP + NLA (вкл/выкл) (D:\SysAdminToolkit\Scripts\Security\Toggle-RDP.ps1)
2025-11-21 11:04:18	Успешно: RDP + NLA (вкл/выкл)
2025-11-21 11:04:22	Старт: RDP + NLA (вкл/выкл) (D:\SysAdminToolkit\Scripts\Security\Toggle-RDP.ps1)
2025-11-21 11:04:23	Успешно: RDP + NLA (вкл/выкл)
2025-11-21 11:04:25	Старт: Политика паролей (отчёт) (D:\SysAdminToolkit\Scripts\Security\PasswordPolicy-Report.ps1)
2025-11-21 11:04:25	Ошибка: Missing an argument for parameter 'RedirectStandardOutput'. Specify a parameter of type 'System.String' and try again.
2025-11-21 11:09:30	Старт: Политика паролей (отчёт) (D:\SysAdminToolkit\Scripts\Security\PasswordPolicy-Report.ps1)
2025-11-21 11:09:31	Успешно: Политика паролей (отчёт)
2025-11-21 11:10:39	Старт: BitLocker статус (D:\SysAdminToolkit\Scripts\Security\BitLocker-Status.ps1)
2025-11-21 11:10:40	Успешно: BitLocker статус
2025-11-21 11:11:50	Старт: Вкл/выкл USB-накопители (D:\SysAdminToolkit\Scripts\Security\Toggle-USBStorage.ps1)
2025-11-21 11:11:51	Успешно: Вкл/выкл USB-накопители
2025-11-21 11:11:52	Старт: Вкл/выкл USB-накопители (D:\SysAdminToolkit\Scripts\Security\Toggle-USBStorage.ps1)
2025-11-21 11:11:52	Успешно: Вкл/выкл USB-накопители
2025-11-21 11:11:54	Старт: Локальные администраторы (D:\SysAdminToolkit\Scripts\Security\List-LocalAdmins.ps1)
2025-11-21 11:11:59	Успешно: Локальные администраторы
2025-11-21 11:12:57	Старт: Статус брандмауэра (вкл/выкл) (D:\SysAdminToolkit\Scripts\Security\Firewall-Profile.ps1)
2025-11-21 11:12:58	Успешно: Статус брандмауэра (вкл/выкл)
2025-11-21 11:12:59	Старт: Статус брандмауэра (вкл/выкл) (D:\SysAdminToolkit\Scripts\Security\Firewall-Profile.ps1)
2025-11-21 11:13:00	Успешно: Статус брандмауэра (вкл/выкл)
2025-11-21 11:13:02	Старт: RDP + NLA (вкл/выкл) (D:\SysAdminToolkit\Scripts\Security\Toggle-RDP.ps1)
2025-11-21 11:13:03	Успешно: RDP + NLA (вкл/выкл)
2025-11-21 11:13:05	Старт: RDP + NLA (вкл/выкл) (D:\SysAdminToolkit\Scripts\Security\Toggle-RDP.ps1)
2025-11-21 11:13:06	Успешно: RDP + NLA (вкл/выкл)
2025-11-21 11:13:07	Старт: RDP + NLA (вкл/выкл) (D:\SysAdminToolkit\Scripts\Security\Toggle-RDP.ps1)
2025-11-21 11:13:08	Успешно: RDP + NLA (вкл/выкл)
2025-11-21 11:13:10	Старт: Политика паролей (отчёт) (D:\SysAdminToolkit\Scripts\Security\PasswordPolicy-Report.ps1)
2025-11-21 11:13:10	Успешно: Политика паролей (отчёт)
2025-11-21 11:15:46	Старт: Отчёт по событиям безопасности (D:\SysAdminToolkit\Scripts\Security\Audit-Report.ps1)
2025-11-21 11:15:49	Успешно: Отчёт по событиям безопасности
2025-11-21 11:16:05	Старт: WinRM/SMB/NTLM (статус/жёстче) (D:\SysAdminToolkit\Scripts\Security\RemoteAccess-Hardening.ps1)
2025-11-21 11:16:06	Ошибка: At D:\SysAdminToolkit\Scripts\Security\RemoteAccess-Hardening.ps1:18 char:51
+         Write-Warning "Не удалось изменить службу $name: $($_.Excepti ...
+                                                   ~~~~~~
Variable reference is not valid. ':' was not followed by a valid variable name character. Consider using ${} to delimit the name.

At D:\SysAdminToolkit\Scripts\Security\RemoteAccess-Hardening.ps1:28 char:30
+         SMB1_Disabled = $smb ? (-not $smb.EnableSMB1Protocol) : $null
+                              ~
Unexpected token '?' in expression or statement.

At D:\SysAdminToolkit\Scripts\Security\RemoteAccess-Hardening.ps1:28 char:29
+         SMB1_Disabled = $smb ? (-not $smb.EnableSMB1Protocol) : $null
+                             ~
The hash literal was incomplete.

At D:\SysAdminToolkit\Scripts\Security\RemoteAccess-Hardening.ps1:30 char:7
+     } | Format-List
+       ~
An empty pipe element is not allowed.

At D:\SysAdminToolkit\Scripts\Security\RemoteAccess-Hardening.ps1:31 char:1
+ }
+ ~
Unexpected token '}' in expression or statement.
2025-11-21 11:18:07	Старт: WinRM/SMB/NTLM (статус/жёстче) (D:\SysAdminToolkit\Scripts\Security\RemoteAccess-Hardening.ps1)
2025-11-21 11:18:07	Успешно: WinRM/SMB/NTLM (статус/жёстче)
2025-11-21 11:27:07	Старт: WinRM/SMB/NTLM (статус/жёстче) (D:\SysAdminToolkit\Scripts\Security\RemoteAccess-Hardening.ps1)
2025-11-21 11:27:07	Успешно: WinRM/SMB/NTLM (статус/жёстче)
2025-11-21 11:27:10	Старт: WinRM/SMB/NTLM (статус/жёстче) (D:\SysAdminToolkit\Scripts\Security\RemoteAccess-Hardening.ps1)
2025-11-21 11:27:11	Успешно: WinRM/SMB/NTLM (статус/жёстче)
2025-11-21 11:27:13	Старт: WinRM/SMB/NTLM (статус/жёстче) (D:\SysAdminToolkit\Scripts\Security\RemoteAccess-Hardening.ps1)
2025-11-21 11:27:13	Успешно: WinRM/SMB/NTLM (статус/жёстче)
2025-11-21 11:48:01	Старт: Отчёт по событиям безопасности (D:\SysAdminToolkit\Scripts\Security\Audit-Report.ps1)
2025-11-21 11:48:04	Успешно: Отчёт по событиям безопасности
2025-11-21 11:49:44	Старт: WinRM/SMB/NTLM (статус/жёстче) (D:\SysAdminToolkit\Scripts\Security\RemoteAccess-Hardening.ps1)
2025-11-21 11:49:44	Успешно: WinRM/SMB/NTLM (статус/жёстче)
2025-11-21 11:49:49	Старт: WinRM/SMB/NTLM (статус/жёстче) (D:\SysAdminToolkit\Scripts\Security\RemoteAccess-Hardening.ps1)
2025-11-21 11:49:49	Успешно: WinRM/SMB/NTLM (статус/жёстче)
2025-11-21 11:49:51	Старт: WinRM/SMB/NTLM (статус/жёстче) (D:\SysAdminToolkit\Scripts\Security\RemoteAccess-Hardening.ps1)
2025-11-21 11:49:52	Успешно: WinRM/SMB/NTLM (статус/жёстче)
2025-11-21 11:50:04	Старт: Аудит-политики (применить) (D:\SysAdminToolkit\Scripts\Security\AuditPolicy-Apply.ps1)
2025-11-21 11:50:04	Ошибка: At D:\SysAdminToolkit\Scripts\Security\AuditPolicy-Apply.ps1:36 char:45
+         Write-Warning "Не удалось применить $sub: $($_.Exception.Mess ...
+                                             ~~~~~
Variable reference is not valid. ':' was not followed by a valid variable name character. Consider using ${} to delimit the name.
2025-11-21 11:50:25	Старт: WinRM/SMB/NTLM (статус/жёстче) (D:\SysAdminToolkit\Scripts\Security\RemoteAccess-Hardening.ps1)
2025-11-21 11:50:25	Успешно: WinRM/SMB/NTLM (статус/жёстче)
2025-11-21 11:50:39	Старт: Аудит-политики (применить) (D:\SysAdminToolkit\Scripts\Security\AuditPolicy-Apply.ps1)
2025-11-21 11:50:39	Ошибка: At D:\SysAdminToolkit\Scripts\Security\AuditPolicy-Apply.ps1:36 char:45
+         Write-Warning "Не удалось применить $sub: $($_.Exception.Mess ...
+                                             ~~~~~
Variable reference is not valid. ':' was not followed by a valid variable name character. Consider using ${} to delimit the name.
2025-11-21 11:53:05	Старт: Аудит-политики (применить) (D:\SysAdminToolkit\Scripts\Security\AuditPolicy-Apply.ps1)
2025-11-21 11:53:05	Успешно: Аудит-политики (применить)
2025-11-21 12:05:47	Старт: Аудит-политики (применить) (D:\SysAdminToolkit\Scripts\Security\AuditPolicy-Apply.ps1)
2025-11-21 12:05:47	Успешно: Аудит-политики (применить)
2025-11-21 12:05:52	Старт: LSA/SmartScreen/кэш паролей (D:\SysAdminToolkit\Scripts\Security\AccountProtection.ps1)
2025-11-21 12:05:53	Успешно: LSA/SmartScreen/кэш паролей
2025-11-21 12:06:00	Старт: Авторуны/службы (отчёт/отключить) (D:\SysAdminToolkit\Scripts\Security\Autoruns-Report.ps1)
2025-11-21 12:06:01	Ошибка: At D:\SysAdminToolkit\Scripts\Security\Autoruns-Report.ps1:22 char:45
+         Write-Warning "Не удалось прочитать $key: $($_.Exception.Mess ...
+                                             ~~~~~
Variable reference is not valid. ':' was not followed by a valid variable name character. Consider using ${} to delimit the name.

At D:\SysAdminToolkit\Scripts\Security\Autoruns-Report.ps1:46 char:49
+ ...  Write-Error "Не удалось изменить службу $DisableServiceName: $($_.Ex ...
+                                              ~~~~~~~~~~~~~~~~~~~~
Variable reference is not valid. ':' was not followed by a valid variable name character. Consider using ${} to delimit the name.

At D:\SysAdminToolkit\Scripts\Security\Autoruns-Report.ps1:55 char:50
+ ...    Write-Error "Не удалось отключить задачу $DisableTaskPath: $($_.Ex ...
+                                                 ~~~~~~~~~~~~~~~~~
Variable reference is not valid. ':' was not followed by a valid variable name character. Consider using ${} to delimit the name.
2025-11-21 12:06:22	Старт: Аудит-политики (применить) (D:\SysAdminToolkit\Scripts\Security\AuditPolicy-Apply.ps1)
2025-11-21 12:06:22	Успешно: Аудит-политики (применить)
2025-11-21 12:07:39	Старт: Авторуны/службы (отчёт/отключить) (D:\SysAdminToolkit\Scripts\Security\Autoruns-Report.ps1)
2025-11-21 12:07:41	Успешно: Авторуны/службы (отчёт/отключить)
2025-11-21 12:07:57	Старт: Обновления и сигнатуры (D:\SysAdminToolkit\Scripts\Security\SecurityUpdates.ps1)
2025-11-21 12:07:58	Успешно: Обновления и сигнатуры
2025-11-21 12:08:47	Старт: Проверка производительности (D:\SysAdminToolkit\Scripts\Monitoring\Check-Performance.ps1)
2025-11-21 12:08:49	Успешно: Проверка производительности
2025-11-21 12:14:57	Старт: Локальные пользователи (отчёт) (D:\SysAdminToolkit\Scripts\Security\LocalUsers-Report.ps1)
2025-11-21 12:14:58	Успешно: Локальные пользователи (отчёт)
2025-11-21 12:15:15	Старт: Локальные пользователи (создать/вкл/выкл/пароль) (D:\SysAdminToolkit\Scripts\Security\LocalUser-Manage.ps1)
2025-11-21 12:16:12	Старт: Обновления и сигнатуры (D:\SysAdminToolkit\Scripts\Security\SecurityUpdates.ps1)
2025-11-21 12:16:13	Успешно: Обновления и сигнатуры
2025-11-21 12:16:29	Старт: Политика паролей (отчёт) (D:\SysAdminToolkit\Scripts\Security\PasswordPolicy-Report.ps1)
2025-11-21 12:16:30	Успешно: Политика паролей (отчёт)
2025-11-21 12:22:49	Старт: Очистить временные файлы (D:\SysAdminToolkit\Scripts\Utils\Clean-Temp.ps1)
2025-11-21 12:22:50	Успешно: Очистить временные файлы
2025-11-21 12:22:54	Старт: Сбор логов (D:\SysAdminToolkit\Scripts\Utils\Collect-Logs.ps1)
2025-11-21 12:22:55	Ошибка: The term 'param' is not recognized as the name of a cmdlet, function, script file, or operable program. Check the spelling of the name, or if a path was included, verify that the path is correct and try again.
2025-11-21 12:23:01	Старт: Сканирование LAN (D:\SysAdminToolkit\Scripts\Network\Scan-LAN.ps1)
2025-11-21 12:23:02	Ошибка: At D:\SysAdminToolkit\Scripts\Network\Scan-LAN.ps1:16 char:43
+         Write-Host "$ip вЂ” РѕС‚РІРµС‚РёР»"
+                                           ~
The string is missing the terminator: ".

At D:\SysAdminToolkit\Scripts\Network\Scan-LAN.ps1:15 char:60
+     if (Test-Connection -Count 1 -Quiet -ComputerName $ip) {
+                                                            ~
Missing closing '}' in statement block or type definition.

At D:\SysAdminToolkit\Scripts\Network\Scan-LAN.ps1:13 char:25
+ 1..254 | ForEach-Object {
+                         ~
Missing closing '}' in statement block or type definition.
2025-11-21 12:23:06	Старт: Проверка сети (D:\SysAdminToolkit\Scripts\Network\Test-Network.ps1)
2025-11-21 12:23:17	Успешно: Проверка сети
2025-11-21 12:23:55	Старт: Локальные пользователи (отчёт) (D:\SysAdminToolkit\Scripts\Security\LocalUsers-Report.ps1)
2025-11-21 12:23:55	Успешно: Локальные пользователи (отчёт)
2025-11-21 12:27:24	Старт: Аудит-политики (применить) (D:\SysAdminToolkit\Scripts\Security\AuditPolicy-Apply.ps1)
2025-11-21 12:27:24	Успешно: Аудит-политики (применить)
2025-11-21 12:27:49	Старт: Политика паролей (отчёт) (D:\SysAdminToolkit\Scripts\Security\PasswordPolicy-Report.ps1)
2025-11-21 12:27:50	Ошибка: At D:\SysAdminToolkit\Scripts\Security\PasswordPolicy-Report.ps1:35 char:17
+     Write-Host "$key: $val"
+                 ~~~~~
Variable reference is not valid. ':' was not followed by a valid variable name character. Consider using ${} to delimit the name.
2025-11-21 13:50:39	Старт: Аудит-политики (применить) (D:\SysAdminToolkit\Scripts\Security\AuditPolicy-Apply.ps1)
2025-11-21 13:50:39	Успешно: Аудит-политики (применить)
2025-11-21 13:50:44	Старт: Авторуны/службы (отчёт/отключить) (D:\SysAdminToolkit\Scripts\Security\Autoruns-Report.ps1)
2025-11-21 13:50:46	Успешно: Авторуны/службы (отчёт/отключить)
2025-11-21 15:04:24	Старт: Аудит-политики (применить) (D:\SysAdminToolkit\Scripts\Security\AuditPolicy-Apply.ps1)
2025-11-21 15:04:25	Успешно: Аудит-политики (применить)
2025-11-21 15:04:32	Старт: Отчёт по событиям безопасности (D:\SysAdminToolkit\Scripts\Security\Audit-Report.ps1)
2025-11-21 15:04:35	Успешно: Отчёт по событиям безопасности
2025-11-21 15:04:37	Старт: Политика паролей (отчёт) (D:\SysAdminToolkit\Scripts\Security\PasswordPolicy-Report.ps1)
2025-11-21 15:04:38	Успешно: Политика паролей (отчёт)
2025-11-21 15:04:47	Старт: BitLocker статус (D:\SysAdminToolkit\Scripts\Security\BitLocker-Status.ps1)
2025-11-21 15:04:49	Успешно: BitLocker статус
2025-11-21 15:05:08	Старт: Быстрая проверка Defender (D:\SysAdminToolkit\Scripts\Security\Defender-QuickScan.ps1)
2025-11-21 15:05:52	Успешно: Быстрая проверка Defender
2025-11-21 15:06:03	Старт: Отчёт по событиям безопасности (D:\SysAdminToolkit\Scripts\Security\Audit-Report.ps1)
2025-11-21 15:06:06	Успешно: Отчёт по событиям безопасности
2025-11-21 15:06:32	Старт: WinRM/SMB/NTLM (статус/жёстче) (D:\SysAdminToolkit\Scripts\Security\RemoteAccess-Hardening.ps1)
2025-11-21 15:06:32	Успешно: WinRM/SMB/NTLM (статус/жёстче)
2026-02-25 17:23:27	[INFO]	РЎС‚Р°СЂС‚: Р§Р»РµРЅСЃС‚РІРѕ Сѓ РіСЂСѓРїС– (D:\SysAdminToolkit\Scripts\ActiveDirectory\AD-GroupMembership.ps1)
2026-02-25 17:23:27	[INFO]	Р—Р°РїСѓСЃРє AD-GroupMembership (Group=Domain Admins, Recursive=False)
2026-02-25 17:23:27	[ERROR]	РњРѕРґСѓР»СЊ ActiveDirectory РЅРµ Р·РЅР°Р№РґРµРЅРѕ
2026-02-25 17:23:28	[INFO]	РЈСЃРїС–С€РЅРѕ: Р§Р»РµРЅСЃС‚РІРѕ Сѓ РіСЂСѓРїС–
2026-02-25 17:23:37	[INFO]	РЎС‚Р°СЂС‚: РђРґРјС–РЅС–СЃС‚СЂР°С‚РѕСЂРё (D:\SysAdminToolkit\Scripts\Security\List-LocalAdmins.ps1)
2026-02-25 17:23:38	[INFO]	РЈСЃРїС–С€РЅРѕ: РђРґРјС–РЅС–СЃС‚СЂР°С‚РѕСЂРё
2026-02-25 17:23:56	[INFO]	РЎС‚Р°СЂС‚: SMART-СЃС‚Р°С‚СѓСЃ (D:\SysAdminToolkit\Scripts\Disks\Disk-Health.ps1)
2026-02-25 17:23:57	[INFO]	Disk-Health: РџРµСЂРµРІС–СЂРµРЅРѕ  РґРёСЃРє(С–РІ)
2026-02-25 17:23:57	[INFO]	РЈСЃРїС–С€РЅРѕ: SMART-СЃС‚Р°С‚СѓСЃ
2026-02-25 17:24:17	[INFO]	РЎС‚Р°СЂС‚: РџРµСЂРµРІС–СЂРєР° РїСЂРѕРґСѓРєС‚РёРІРЅРѕСЃС‚С– (D:\SysAdminToolkit\Scripts\Monitoring\Check-Performance.ps1)
2026-02-25 17:24:19	[INFO]	РЈСЃРїС–С€РЅРѕ: РџРµСЂРµРІС–СЂРєР° РїСЂРѕРґСѓРєС‚РёРІРЅРѕСЃС‚С–
2026-02-26 10:12:42	[INFO]	РЎС‚Р°СЂС‚: РўРѕС‡РєРё РІС–РґРЅРѕРІР»РµРЅРЅСЏ (D:\SysAdminToolkit\Scripts\Recovery\Manage-RestorePoints.ps1)
2026-02-26 10:12:42	[INFO]	Manage-RestorePoints: РЎС‚Р°СЂС‚, СЂРµР¶РёРј=List
2026-02-26 10:12:43	[INFO]	РЈСЃРїС–С€РЅРѕ: РўРѕС‡РєРё РІС–РґРЅРѕРІР»РµРЅРЅСЏ
2026-02-26 10:15:27	[INFO]	РЎС‚Р°СЂС‚: Р’С–РґРєСЂРёС‚С– РїРѕСЂС‚Рё (D:\SysAdminToolkit\Scripts\Security\Check-OpenPorts.ps1)
2026-02-26 10:15:27	[INFO]	Р—Р°РїСѓСЃРє РїРµСЂРµРІС–СЂРєРё РІС–РґРєСЂРёС‚РёС… РїРѕСЂС‚С–РІ
2026-02-26 10:15:28	[INFO]	РџРµСЂРµРІС–СЂРєР° РїРѕСЂС‚С–РІ Р·Р°РІРµСЂС€РµРЅР°. Р—РЅР°Р№РґРµРЅРѕ: 82
2026-02-26 10:15:28	[INFO]	РЈСЃРїС–С€РЅРѕ: Р’С–РґРєСЂРёС‚С– РїРѕСЂС‚Рё
2026-02-26 10:20:02	[INFO]	РЎС‚Р°СЂС‚: SMART-СЃС‚Р°С‚СѓСЃ (D:\SysAdminToolkit\Scripts\Disks\Disk-Health.ps1)
2026-02-26 10:20:03	[INFO]	Disk-Health: РџРµСЂРµРІС–СЂРµРЅРѕ  РґРёСЃРє(С–РІ)
2026-02-26 10:20:04	[INFO]	РЈСЃРїС–С€РЅРѕ: SMART-СЃС‚Р°С‚СѓСЃ
2026-02-26 11:40:56	[INFO]	РЎС‚Р°СЂС‚: SMART-СЃС‚Р°С‚СѓСЃ (D:\SysAdminToolkit\Scripts\Disks\Disk-Health.ps1)
2026-02-26 11:40:58	[INFO]	Disk-Health: РџРµСЂРµРІС–СЂРµРЅРѕ  РґРёСЃРє(С–РІ)
2026-02-26 11:40:58	[INFO]	РЈСЃРїС–С€РЅРѕ: SMART-СЃС‚Р°С‚СѓСЃ
2026-02-26 11:41:10	[INFO]	РЎС‚Р°СЂС‚: Р†РЅРІРµРЅС‚Р°СЂРёР·Р°С†С–СЏ РџРљ (D:\SysAdminToolkit\Scripts\Inventory\Get-PC-Inventory.ps1)
2026-02-26 11:41:15	[INFO]	РЈСЃРїС–С€РЅРѕ: Р†РЅРІРµРЅС‚Р°СЂРёР·Р°С†С–СЏ РџРљ
2026-02-26 11:41:36	[INFO]	РЎС‚Р°СЂС‚: РџРµСЂРµРІС–СЂРєР° РїСЂРѕРґСѓРєС‚РёРІРЅРѕСЃС‚С– (D:\SysAdminToolkit\Scripts\Monitoring\Check-Performance.ps1)
2026-02-26 11:41:38	[INFO]	РЈСЃРїС–С€РЅРѕ: РџРµСЂРµРІС–СЂРєР° РїСЂРѕРґСѓРєС‚РёРІРЅРѕСЃС‚С–
2026-02-26 11:41:57	[INFO]	РЎС‚Р°СЂС‚: Р†РЅС„Рѕ РїСЂРѕ СЃРёСЃС‚РµРјСѓ (D:\SysAdminToolkit\Scripts\Utils\System-Info.ps1)
2026-02-26 11:41:57	[INFO]	System-Info: Р·Р°РїСѓСЃРє Р·Р±РѕСЂСѓ С–РЅС„РѕСЂРјР°С†С–С— РїСЂРѕ СЃРёСЃС‚РµРјСѓ
2026-02-26 11:42:00	[INFO]	System-Info: Р·Р±С–СЂ С–РЅС„РѕСЂРјР°С†С–С— РїСЂРѕ СЃРёСЃС‚РµРјСѓ Р·Р°РІРµСЂС€РµРЅРѕ
2026-02-26 11:42:00	[INFO]	РЈСЃРїС–С€РЅРѕ: Р†РЅС„Рѕ РїСЂРѕ СЃРёСЃС‚РµРјСѓ
2026-02-26 11:42:46	[INFO]	РЎС‚Р°СЂС‚: РўРѕС‡РєРё РІС–РґРЅРѕРІР»РµРЅРЅСЏ (D:\SysAdminToolkit\Scripts\Recovery\Manage-RestorePoints.ps1)
2026-02-26 11:42:47	[INFO]	Manage-RestorePoints: РЎС‚Р°СЂС‚, СЂРµР¶РёРј=List
2026-02-26 11:42:47	[INFO]	РЈСЃРїС–С€РЅРѕ: РўРѕС‡РєРё РІС–РґРЅРѕРІР»РµРЅРЅСЏ
2026-02-26 11:43:36	[INFO]	РЎС‚Р°СЂС‚: Р†РЅС„Рѕ РїСЂРѕ СЃРёСЃС‚РµРјСѓ (D:\SysAdminToolkit\Scripts\Utils\System-Info.ps1)
2026-02-26 11:43:37	[INFO]	System-Info: Р·Р°РїСѓСЃРє Р·Р±РѕСЂСѓ С–РЅС„РѕСЂРјР°С†С–С— РїСЂРѕ СЃРёСЃС‚РµРјСѓ
2026-02-26 11:43:39	[INFO]	System-Info: Р·Р±С–СЂ С–РЅС„РѕСЂРјР°С†С–С— РїСЂРѕ СЃРёСЃС‚РµРјСѓ Р·Р°РІРµСЂС€РµРЅРѕ
2026-02-26 11:43:40	[INFO]	РЈСЃРїС–С€РЅРѕ: Р†РЅС„Рѕ РїСЂРѕ СЃРёСЃС‚РµРјСѓ
2026-02-26 11:44:13	[INFO]	РЎС‚Р°СЂС‚: РџРµСЂРµРІС–СЂРєР° Р·Р°РіСЂРѕР· (D:\SysAdminToolkit\Scripts\Security\Quick-Malware-Check.ps1)
2026-02-26 11:44:16	[INFO]	РЈСЃРїС–С€РЅРѕ: РџРµСЂРµРІС–СЂРєР° Р·Р°РіСЂРѕР·
2026-02-26 11:44:28	[INFO]	РЎС‚Р°СЂС‚: РџР°СЂРѕР»С– (Р·РІС–С‚) (D:\SysAdminToolkit\Scripts\Security\PasswordPolicy-Report.ps1)
2026-02-26 11:44:29	[INFO]	РЈСЃРїС–С€РЅРѕ: РџР°СЂРѕР»С– (Р·РІС–С‚)
2026-02-26 11:44:58	[INFO]	РЎС‚Р°СЂС‚: Р’С–РґРєСЂРёС‚С– РїРѕСЂС‚Рё (D:\SysAdminToolkit\Scripts\Security\Check-OpenPorts.ps1)
2026-02-26 11:44:58	[INFO]	Р—Р°РїСѓСЃРє РїРµСЂРµРІС–СЂРєРё РІС–РґРєСЂРёС‚РёС… РїРѕСЂС‚С–РІ
2026-02-26 11:44:59	[INFO]	РџРµСЂРµРІС–СЂРєР° РїРѕСЂС‚С–РІ Р·Р°РІРµСЂС€РµРЅР°. Р—РЅР°Р№РґРµРЅРѕ: 77
2026-02-26 11:44:59	[INFO]	РЈСЃРїС–С€РЅРѕ: Р’С–РґРєСЂРёС‚С– РїРѕСЂС‚Рё
